app/build/intermediates/manifest_merge_blame_file/release/manifest-merger-blame-release-report.txt
1<?xml version="1.0" encoding="utf-8"?>
2<manifest xmlns:android="http://schemas.android.com/apk/res/android"
3    package="android.example.covid_19tracker"
4    android:versionCode="1"
5    android:versionName="1.0" >
6
7    <uses-sdk
8        android:minSdkVersion="23"
8-->src\main\AndroidManifest.xml
9        android:targetSdkVersion="29" />
9-->src\main\AndroidManifest.xml
10
11    <uses-permission android:name="android.permission.INTERNET" />
11-->src\main\AndroidManifest.xml:4:5-66
11-->src\main\AndroidManifest.xml:4:22-64
12    <uses-permission android:name="android.permission.ACCESS_NETWORK_STATE" />
12-->src\main\AndroidManifest.xml:5:5-78
12-->src\main\AndroidManifest.xml:5:22-76
13
14    <application
14-->src\main\AndroidManifest.xml:7:5-32:19
15        android:allowBackup="true"
15-->src\main\AndroidManifest.xml:8:9-35
16        android:appComponentFactory="androidx.core.app.CoreComponentFactory"
16-->[androidx.core:core:1.3.0] AndroidManifest.xml:24:18-86
17        android:extractNativeLibs="false"
18        android:hardwareAccelerated="true"
18-->src\main\AndroidManifest.xml:13:9-43
19        android:icon="@mipmap/ic_launcher"
19-->src\main\AndroidManifest.xml:9:9-43
20        android:label="@string/app_name"
20-->src\main\AndroidManifest.xml:10:9-41
21        android:roundIcon="@mipmap/ic_launcher_round"
21-->src\main\AndroidManifest.xml:11:9-54
22        android:supportsRtl="true"
22-->src\main\AndroidManifest.xml:12:9-35
23        android:theme="@style/AppTheme" >
23-->src\main\AndroidManifest.xml:14:9-40
24        <activity
24-->src\main\AndroidManifest.xml:15:9-23:20
25            android:name="android.example.covid_19tracker.SplashScreenActivity"
25-->src\main\AndroidManifest.xml:15:19-55
26            android:noHistory="true"
26-->src\main\AndroidManifest.xml:17:13-37
27            android:theme="@style/SplashTheme" >
27-->src\main\AndroidManifest.xml:16:13-47
28            <intent-filter>
28-->src\main\AndroidManifest.xml:18:13-22:29
29                <action android:name="android.intent.action.MAIN" />
29-->src\main\AndroidManifest.xml:19:17-69
29-->src\main\AndroidManifest.xml:19:25-66
30
31                <category android:name="android.intent.category.LAUNCHER" />
31-->src\main\AndroidManifest.xml:21:17-77
31-->src\main\AndroidManifest.xml:21:27-74
32            </intent-filter>
33        </activity>
34        <activity
34-->src\main\AndroidManifest.xml:24:9-26:15
35            android:name="android.example.covid_19tracker.LoadingScreen"
35-->src\main\AndroidManifest.xml:24:19-48
36            android:theme="@style/LoadingTheme" />
36-->src\main\AndroidManifest.xml:25:13-48
37        <activity
37-->src\main\AndroidManifest.xml:28:9-30:15
38            android:name="android.example.covid_19tracker.MainActivity"
38-->src\main\AndroidManifest.xml:28:19-47
39            android:configChanges="orientation|screenSize|screenLayout|keyboardHidden" />
39-->src\main\AndroidManifest.xml:29:13-87
40    </application>
41
42</manifest>